#0 building with "default" instance using docker driver

#1 [internal] load build definition from Dockerfile.book
#1 transferring dockerfile: 756B done
#1 DONE 0.0s

#2 [internal] load metadata for mcr.microsoft.com/dotnet/aspnet:8.0
#2 DONE 0.2s

#3 [internal] load metadata for mcr.microsoft.com/dotnet/sdk:8.0
#3 DONE 0.2s

#4 [internal] load .dockerignore
#4 transferring context: 380B done
#4 DONE 0.0s

#5 [build 1/9] FROM mcr.microsoft.com/dotnet/sdk:8.0@sha256:57c3bf930db9ac075c9019b83fdfc77c474b11b874120b84bc97fa65f33662dd
#5 DONE 0.0s

#6 [base 1/2] FROM mcr.microsoft.com/dotnet/aspnet:8.0@sha256:68669af44214899b4a5ff5fa0dd5fc10e7e9d665669a44dcbc1a142a99b2ec5b
#6 DONE 0.0s

#7 [internal] load build context
#7 transferring context: 11.48kB 0.0s done
#7 DONE 0.0s

#8 [build 2/9] WORKDIR /src
#8 CACHED

#9 [build 3/9] COPY [BookMS/BookMS.csproj, BookMS/]
#9 CACHED

#10 [build 4/9] COPY [EF/EF.csproj, EF/]
#10 CACHED

#11 [build 5/9] COPY [Utility/Utility.csproj, Utility/]
#11 CACHED

#12 [build 6/9] RUN dotnet restore "BookMS/BookMS.csproj"
#12 CACHED

#13 [build 7/9] COPY . .
#13 DONE 0.1s

#14 [build 8/9] WORKDIR /src/BookMS
#14 DONE 0.0s

#15 [build 9/9] RUN dotnet build "./BookMS.csproj" -c Release -o /app/build
#15 2.118   Determining projects to restore...
#15 3.973 /src/EF/EF.csproj : warning NU1701: Package 'NLog.Web 6.0.0' was restored using '.NETFramework,Version=v4.6.1, .NETFramework,Version=v4.6.2, .NETFramework,Version=v4.7, .NETFramework,Version=v4.7.1, .NETFramework,Version=v4.7.2, .NETFramework,Version=v4.8, .NETFramework,Version=v4.8.1' instead of the project target framework 'net8.0'. This package may not be fully compatible with your project. [/src/BookMS/BookMS.csproj]
#15 3.977 /src/Utility/Utility.csproj : warning NU1701: Package 'NLog.Web 6.0.0' was restored using '.NETFramework,Version=v4.6.1, .NETFramework,Version=v4.6.2, .NETFramework,Version=v4.7, .NETFramework,Version=v4.7.1, .NETFramework,Version=v4.7.2, .NETFramework,Version=v4.8, .NETFramework,Version=v4.8.1' instead of the project target framework 'net8.0'. This package may not be fully compatible with your project. [/src/BookMS/BookMS.csproj]
#15 3.981 /src/BookMS/BookMS.csproj : warning NU1701: Package 'NLog.Web 6.0.0' was restored using '.NETFramework,Version=v4.6.1, .NETFramework,Version=v4.6.2, .NETFramework,Version=v4.7, .NETFramework,Version=v4.7.1, .NETFramework,Version=v4.7.2, .NETFramework,Version=v4.8, .NETFramework,Version=v4.8.1' instead of the project target framework 'net8.0'. This package may not be fully compatible with your project.
#15 4.003   All projects are up-to-date for restore.
#15 4.402 /src/BookMS/BookMS.csproj : warning NU1701: Package 'NLog.Web 6.0.0' was restored using '.NETFramework,Version=v4.6.1, .NETFramework,Version=v4.6.2, .NETFramework,Version=v4.7, .NETFramework,Version=v4.7.1, .NETFramework,Version=v4.7.2, .NETFramework,Version=v4.8, .NETFramework,Version=v4.8.1' instead of the project target framework 'net8.0'. This package may not be fully compatible with your project.
#15 4.757 /src/EF/EF.csproj : warning NU1701: Package 'NLog.Web 6.0.0' was restored using '.NETFramework,Version=v4.6.1, .NETFramework,Version=v4.6.2, .NETFramework,Version=v4.7, .NETFramework,Version=v4.7.1, .NETFramework,Version=v4.7.2, .NETFramework,Version=v4.8, .NETFramework,Version=v4.8.1' instead of the project target framework 'net8.0'. This package may not be fully compatible with your project.
#15 4.829 /src/Utility/Utility.csproj : warning NU1701: Package 'NLog.Web 6.0.0' was restored using '.NETFramework,Version=v4.6.1, .NETFramework,Version=v4.6.2, .NETFramework,Version=v4.7, .NETFramework,Version=v4.7.1, .NETFramework,Version=v4.7.2, .NETFramework,Version=v4.8, .NETFramework,Version=v4.8.1' instead of the project target framework 'net8.0'. This package may not be fully compatible with your project.
#15 10.31 /src/EF/Models/User.cs(6,19): warning CS8618: Non-nullable property 'Name' must contain a non-null value when exiting constructor. Consider adding the 'required' modifier or declaring the property as nullable. [/src/EF/EF.csproj]
#15 10.31 /src/EF/Models/User.cs(7,19): warning CS8618: Non-nullable property 'Email' must contain a non-null value when exiting constructor. Consider adding the 'required' modifier or declaring the property as nullable. [/src/EF/EF.csproj]
#15 10.31 /src/EF/Models/Room.cs(6,19): warning CS8618: Non-nullable property 'Name' must contain a non-null value when exiting constructor. Consider adding the 'required' modifier or declaring the property as nullable. [/src/EF/EF.csproj]
#15 10.31 /src/EF/Models/Room.cs(7,19): warning CS8618: Non-nullable property 'Description' must contain a non-null value when exiting constructor. Consider adding the 'required' modifier or declaring the property as nullable. [/src/EF/EF.csproj]
#15 10.31 /src/EF/Models/Loan.cs(10,19): warning CS8618: Non-nullable property 'Status' must contain a non-null value when exiting constructor. Consider adding the 'required' modifier or declaring the property as nullable. [/src/EF/EF.csproj]
#15 10.31 /src/EF/Models/Loan.cs(11,19): warning CS8618: Non-nullable property 'Comments' must contain a non-null value when exiting constructor. Consider adding the 'required' modifier or declaring the property as nullable. [/src/EF/EF.csproj]
#15 10.31 /src/EF/Models/Loan.cs(12,17): warning CS8618: Non-nullable property 'User' must contain a non-null value when exiting constructor. Consider adding the 'required' modifier or declaring the property as nullable. [/src/EF/EF.csproj]
#15 10.31 /src/EF/Models/Loan.cs(13,17): warning CS8618: Non-nullable property 'Book' must contain a non-null value when exiting constructor. Consider adding the 'required' modifier or declaring the property as nullable. [/src/EF/EF.csproj]
#15 10.31 /src/EF/Models/Book.cs(6,19): warning CS8618: Non-nullable property 'Name' must contain a non-null value when exiting constructor. Consider adding the 'required' modifier or declaring the property as nullable. [/src/EF/EF.csproj]
#15 10.31 /src/EF/Models/Book.cs(7,19): warning CS8618: Non-nullable property 'Author' must contain a non-null value when exiting constructor. Consider adding the 'required' modifier or declaring the property as nullable. [/src/EF/EF.csproj]
#15 10.31 /src/EF/Models/Book.cs(8,19): warning CS8618: Non-nullable property 'Publisher' must contain a non-null value when exiting constructor. Consider adding the 'required' modifier or declaring the property as nullable. [/src/EF/EF.csproj]
#15 10.31 /src/EF/Models/Book.cs(10,17): warning CS8618: Non-nullable property 'Room' must contain a non-null value when exiting constructor. Consider adding the 'required' modifier or declaring the property as nullable. [/src/EF/EF.csproj]
#15 10.37   Utility -> /app/build/Utility.dll
#15 10.69   EF -> /app/build/EF.dll
#15 14.14   BookMS -> /app/build/BookMS.dll
#15 14.17 
#15 14.17 Build succeeded.
#15 14.17 
#15 14.17 /src/EF/EF.csproj : warning NU1701: Package 'NLog.Web 6.0.0' was restored using '.NETFramework,Version=v4.6.1, .NETFramework,Version=v4.6.2, .NETFramework,Version=v4.7, .NETFramework,Version=v4.7.1, .NETFramework,Version=v4.7.2, .NETFramework,Version=v4.8, .NETFramework,Version=v4.8.1' instead of the project target framework 'net8.0'. This package may not be fully compatible with your project. [/src/BookMS/BookMS.csproj]
#15 14.17 /src/Utility/Utility.csproj : warning NU1701: Package 'NLog.Web 6.0.0' was restored using '.NETFramework,Version=v4.6.1, .NETFramework,Version=v4.6.2, .NETFramework,Version=v4.7, .NETFramework,Version=v4.7.1, .NETFramework,Version=v4.7.2, .NETFramework,Version=v4.8, .NETFramework,Version=v4.8.1' instead of the project target framework 'net8.0'. This package may not be fully compatible with your project. [/src/BookMS/BookMS.csproj]
#15 14.18 /src/BookMS/BookMS.csproj : warning NU1701: Package 'NLog.Web 6.0.0' was restored using '.NETFramework,Version=v4.6.1, .NETFramework,Version=v4.6.2, .NETFramework,Version=v4.7, .NETFramework,Version=v4.7.1, .NETFramework,Version=v4.7.2, .NETFramework,Version=v4.8, .NETFramework,Version=v4.8.1' instead of the project target framework 'net8.0'. This package may not be fully compatible with your project.
#15 14.18 /src/BookMS/BookMS.csproj : warning NU1701: Package 'NLog.Web 6.0.0' was restored using '.NETFramework,Version=v4.6.1, .NETFramework,Version=v4.6.2, .NETFramework,Version=v4.7, .NETFramework,Version=v4.7.1, .NETFramework,Version=v4.7.2, .NETFramework,Version=v4.8, .NETFramework,Version=v4.8.1' instead of the project target framework 'net8.0'. This package may not be fully compatible with your project.
#15 14.18 /src/EF/EF.csproj : warning NU1701: Package 'NLog.Web 6.0.0' was restored using '.NETFramework,Version=v4.6.1, .NETFramework,Version=v4.6.2, .NETFramework,Version=v4.7, .NETFramework,Version=v4.7.1, .NETFramework,Version=v4.7.2, .NETFramework,Version=v4.8, .NETFramework,Version=v4.8.1' instead of the project target framework 'net8.0'. This package may not be fully compatible with your project.
#15 14.18 /src/Utility/Utility.csproj : warning NU1701: Package 'NLog.Web 6.0.0' was restored using '.NETFramework,Version=v4.6.1, .NETFramework,Version=v4.6.2, .NETFramework,Version=v4.7, .NETFramework,Version=v4.7.1, .NETFramework,Version=v4.7.2, .NETFramework,Version=v4.8, .NETFramework,Version=v4.8.1' instead of the project target framework 'net8.0'. This package may not be fully compatible with your project.
#15 14.18 /src/EF/Models/User.cs(6,19): warning CS8618: Non-nullable property 'Name' must contain a non-null value when exiting constructor. Consider adding the 'required' modifier or declaring the property as nullable. [/src/EF/EF.csproj]
#15 14.18 /src/EF/Models/User.cs(7,19): warning CS8618: Non-nullable property 'Email' must contain a non-null value when exiting constructor. Consider adding the 'required' modifier or declaring the property as nullable. [/src/EF/EF.csproj]
#15 14.18 /src/EF/Models/Room.cs(6,19): warning CS8618: Non-nullable property 'Name' must contain a non-null value when exiting constructor. Consider adding the 'required' modifier or declaring the property as nullable. [/src/EF/EF.csproj]
#15 14.18 /src/EF/Models/Room.cs(7,19): warning CS8618: Non-nullable property 'Description' must contain a non-null value when exiting constructor. Consider adding the 'required' modifier or declaring the property as nullable. [/src/EF/EF.csproj]
#15 14.18 /src/EF/Models/Loan.cs(10,19): warning CS8618: Non-nullable property 'Status' must contain a non-null value when exiting constructor. Consider adding the 'required' modifier or declaring the property as nullable. [/src/EF/EF.csproj]
#15 14.18 /src/EF/Models/Loan.cs(11,19): warning CS8618: Non-nullable property 'Comments' must contain a non-null value when exiting constructor. Consider adding the 'required' modifier or declaring the property as nullable. [/src/EF/EF.csproj]
#15 14.18 /src/EF/Models/Loan.cs(12,17): warning CS8618: Non-nullable property 'User' must contain a non-null value when exiting constructor. Consider adding the 'required' modifier or declaring the property as nullable. [/src/EF/EF.csproj]
#15 14.18 /src/EF/Models/Loan.cs(13,17): warning CS8618: Non-nullable property 'Book' must contain a non-null value when exiting constructor. Consider adding the 'required' modifier or declaring the property as nullable. [/src/EF/EF.csproj]
#15 14.18 /src/EF/Models/Book.cs(6,19): warning CS8618: Non-nullable property 'Name' must contain a non-null value when exiting constructor. Consider adding the 'required' modifier or declaring the property as nullable. [/src/EF/EF.csproj]
#15 14.18 /src/EF/Models/Book.cs(7,19): warning CS8618: Non-nullable property 'Author' must contain a non-null value when exiting constructor. Consider adding the 'required' modifier or declaring the property as nullable. [/src/EF/EF.csproj]
#15 14.18 /src/EF/Models/Book.cs(8,19): warning CS8618: Non-nullable property 'Publisher' must contain a non-null value when exiting constructor. Consider adding the 'required' modifier or declaring the property as nullable. [/src/EF/EF.csproj]
#15 14.18 /src/EF/Models/Book.cs(10,17): warning CS8618: Non-nullable property 'Room' must contain a non-null value when exiting constructor. Consider adding the 'required' modifier or declaring the property as nullable. [/src/EF/EF.csproj]
#15 14.18     18 Warning(s)
#15 14.18     0 Error(s)
#15 14.18 
#15 14.18 Time Elapsed 00:00:12.94
#15 DONE 14.3s

#16 [publish 1/1] RUN dotnet publish "./BookMS.csproj" -c Release -o /app/publish /p:UseAppHost=false
#16 1.727   Determining projects to restore...
#16 3.106 /src/EF/EF.csproj : warning NU1701: Package 'NLog.Web 6.0.0' was restored using '.NETFramework,Version=v4.6.1, .NETFramework,Version=v4.6.2, .NETFramework,Version=v4.7, .NETFramework,Version=v4.7.1, .NETFramework,Version=v4.7.2, .NETFramework,Version=v4.8, .NETFramework,Version=v4.8.1' instead of the project target framework 'net8.0'. This package may not be fully compatible with your project. [/src/BookMS/BookMS.csproj]
#16 3.106 /src/Utility/Utility.csproj : warning NU1701: Package 'NLog.Web 6.0.0' was restored using '.NETFramework,Version=v4.6.1, .NETFramework,Version=v4.6.2, .NETFramework,Version=v4.7, .NETFramework,Version=v4.7.1, .NETFramework,Version=v4.7.2, .NETFramework,Version=v4.8, .NETFramework,Version=v4.8.1' instead of the project target framework 'net8.0'. This package may not be fully compatible with your project. [/src/BookMS/BookMS.csproj]
#16 3.106 /src/BookMS/BookMS.csproj : warning NU1701: Package 'NLog.Web 6.0.0' was restored using '.NETFramework,Version=v4.6.1, .NETFramework,Version=v4.6.2, .NETFramework,Version=v4.7, .NETFramework,Version=v4.7.1, .NETFramework,Version=v4.7.2, .NETFramework,Version=v4.8, .NETFramework,Version=v4.8.1' instead of the project target framework 'net8.0'. This package may not be fully compatible with your project.
#16 3.116   All projects are up-to-date for restore.
#16 3.392 /src/BookMS/BookMS.csproj : warning NU1701: Package 'NLog.Web 6.0.0' was restored using '.NETFramework,Version=v4.6.1, .NETFramework,Version=v4.6.2, .NETFramework,Version=v4.7, .NETFramework,Version=v4.7.1, .NETFramework,Version=v4.7.2, .NETFramework,Version=v4.8, .NETFramework,Version=v4.8.1' instead of the project target framework 'net8.0'. This package may not be fully compatible with your project.
#16 3.766 /src/Utility/Utility.csproj : warning NU1701: Package 'NLog.Web 6.0.0' was restored using '.NETFramework,Version=v4.6.1, .NETFramework,Version=v4.6.2, .NETFramework,Version=v4.7, .NETFramework,Version=v4.7.1, .NETFramework,Version=v4.7.2, .NETFramework,Version=v4.8, .NETFramework,Version=v4.8.1' instead of the project target framework 'net8.0'. This package may not be fully compatible with your project.
#16 3.806 /src/EF/EF.csproj : warning NU1701: Package 'NLog.Web 6.0.0' was restored using '.NETFramework,Version=v4.6.1, .NETFramework,Version=v4.6.2, .NETFramework,Version=v4.7, .NETFramework,Version=v4.7.1, .NETFramework,Version=v4.7.2, .NETFramework,Version=v4.8, .NETFramework,Version=v4.8.1' instead of the project target framework 'net8.0'. This package may not be fully compatible with your project.
#16 4.615   Utility -> /src/Utility/bin/Release/net8.0/Utility.dll
#16 4.730   EF -> /src/EF/bin/Release/net8.0/EF.dll
#16 11.53   BookMS -> /src/BookMS/bin/Release/net8.0/BookMS.dll
#16 11.91   BookMS -> /app/publish/
#16 DONE 12.0s

#17 [base 2/2] WORKDIR /app
#17 CACHED

#18 [final 1/2] WORKDIR /app
#18 CACHED

#19 [final 2/2] COPY --from=publish /app/publish .
#19 DONE 0.1s

#20 exporting to image
#20 exporting layers
#20 exporting layers 0.2s done
#20 writing image sha256:ff6e1e8c978f23724813fb07971907258c892e69a685971cc17b9d65eab18600 done
#20 naming to docker.io/library/book done
#20 DONE 0.2s
WARNING: current commit information was not captured by the build: failed to read current commit information with git rev-parse --is-inside-work-tree
