#0 building with "default" instance using docker driver

#1 [internal] load build definition from Dockerfile.room
#1 transferring dockerfile: 756B done
#1 DONE 0.0s

#2 [internal] load metadata for mcr.microsoft.com/dotnet/aspnet:8.0
#2 DONE 0.2s

#3 [internal] load metadata for mcr.microsoft.com/dotnet/sdk:8.0
#3 DONE 0.2s

#4 [internal] load .dockerignore
#4 transferring context: 380B done
#4 DONE 0.0s

#5 [build 1/9] FROM mcr.microsoft.com/dotnet/sdk:8.0@sha256:57c3bf930db9ac075c9019b83fdfc77c474b11b874120b84bc97fa65f33662dd
#5 DONE 0.0s

#6 [base 1/2] FROM mcr.microsoft.com/dotnet/aspnet:8.0@sha256:68669af44214899b4a5ff5fa0dd5fc10e7e9d665669a44dcbc1a142a99b2ec5b
#6 DONE 0.0s

#7 [internal] load build context
#7 transferring context: 11.48kB 0.0s done
#7 DONE 0.0s

#8 [build 3/9] COPY [RoomMS/RoomMS.csproj, RoomMS/]
#8 CACHED

#9 [build 4/9] COPY [EF/EF.csproj, EF/]
#9 CACHED

#10 [build 5/9] COPY [Utility/Utility.csproj, Utility/]
#10 CACHED

#11 [build 2/9] WORKDIR /src
#11 CACHED

#12 [build 6/9] RUN dotnet restore "RoomMS/RoomMS.csproj"
#12 CACHED

#13 [build 7/9] COPY . .
#13 DONE 0.1s

#14 [build 8/9] WORKDIR /src/RoomMS
#14 DONE 0.0s

#15 [build 9/9] RUN dotnet build "./RoomMS.csproj" -c Release -o /app/build
#15 1.892   Determining projects to restore...
#15 3.684 /src/Utility/Utility.csproj : warning NU1701: Package 'NLog.Web 6.0.0' was restored using '.NETFramework,Version=v4.6.1, .NETFramework,Version=v4.6.2, .NETFramework,Version=v4.7, .NETFramework,Version=v4.7.1, .NETFramework,Version=v4.7.2, .NETFramework,Version=v4.8, .NETFramework,Version=v4.8.1' instead of the project target framework 'net8.0'. This package may not be fully compatible with your project. [/src/RoomMS/RoomMS.csproj]
#15 3.686 /src/RoomMS/RoomMS.csproj : warning NU1701: Package 'NLog.Web 6.0.0' was restored using '.NETFramework,Version=v4.6.1, .NETFramework,Version=v4.6.2, .NETFramework,Version=v4.7, .NETFramework,Version=v4.7.1, .NETFramework,Version=v4.7.2, .NETFramework,Version=v4.8, .NETFramework,Version=v4.8.1' instead of the project target framework 'net8.0'. This package may not be fully compatible with your project.
#15 3.693 /src/EF/EF.csproj : warning NU1701: Package 'NLog.Web 6.0.0' was restored using '.NETFramework,Version=v4.6.1, .NETFramework,Version=v4.6.2, .NETFramework,Version=v4.7, .NETFramework,Version=v4.7.1, .NETFramework,Version=v4.7.2, .NETFramework,Version=v4.8, .NETFramework,Version=v4.8.1' instead of the project target framework 'net8.0'. This package may not be fully compatible with your project. [/src/RoomMS/RoomMS.csproj]
#15 3.693   All projects are up-to-date for restore.
#15 4.063 /src/RoomMS/RoomMS.csproj : warning NU1701: Package 'NLog.Web 6.0.0' was restored using '.NETFramework,Version=v4.6.1, .NETFramework,Version=v4.6.2, .NETFramework,Version=v4.7, .NETFramework,Version=v4.7.1, .NETFramework,Version=v4.7.2, .NETFramework,Version=v4.8, .NETFramework,Version=v4.8.1' instead of the project target framework 'net8.0'. This package may not be fully compatible with your project.
#15 4.418 /src/EF/EF.csproj : warning NU1701: Package 'NLog.Web 6.0.0' was restored using '.NETFramework,Version=v4.6.1, .NETFramework,Version=v4.6.2, .NETFramework,Version=v4.7, .NETFramework,Version=v4.7.1, .NETFramework,Version=v4.7.2, .NETFramework,Version=v4.8, .NETFramework,Version=v4.8.1' instead of the project target framework 'net8.0'. This package may not be fully compatible with your project.
#15 4.513 /src/Utility/Utility.csproj : warning NU1701: Package 'NLog.Web 6.0.0' was restored using '.NETFramework,Version=v4.6.1, .NETFramework,Version=v4.6.2, .NETFramework,Version=v4.7, .NETFramework,Version=v4.7.1, .NETFramework,Version=v4.7.2, .NETFramework,Version=v4.8, .NETFramework,Version=v4.8.1' instead of the project target framework 'net8.0'. This package may not be fully compatible with your project.
#15 10.66 /src/EF/Models/User.cs(6,19): warning CS8618: Non-nullable property 'Name' must contain a non-null value when exiting constructor. Consider adding the 'required' modifier or declaring the property as nullable. [/src/EF/EF.csproj]
#15 10.66 /src/EF/Models/User.cs(7,19): warning CS8618: Non-nullable property 'Email' must contain a non-null value when exiting constructor. Consider adding the 'required' modifier or declaring the property as nullable. [/src/EF/EF.csproj]
#15 10.66 /src/EF/Models/Room.cs(6,19): warning CS8618: Non-nullable property 'Name' must contain a non-null value when exiting constructor. Consider adding the 'required' modifier or declaring the property as nullable. [/src/EF/EF.csproj]
#15 10.66 /src/EF/Models/Room.cs(7,19): warning CS8618: Non-nullable property 'Description' must contain a non-null value when exiting constructor. Consider adding the 'required' modifier or declaring the property as nullable. [/src/EF/EF.csproj]
#15 10.66 /src/EF/Models/Book.cs(6,19): warning CS8618: Non-nullable property 'Name' must contain a non-null value when exiting constructor. Consider adding the 'required' modifier or declaring the property as nullable. [/src/EF/EF.csproj]
#15 10.66 /src/EF/Models/Book.cs(7,19): warning CS8618: Non-nullable property 'Author' must contain a non-null value when exiting constructor. Consider adding the 'required' modifier or declaring the property as nullable. [/src/EF/EF.csproj]
#15 10.66 /src/EF/Models/Book.cs(8,19): warning CS8618: Non-nullable property 'Publisher' must contain a non-null value when exiting constructor. Consider adding the 'required' modifier or declaring the property as nullable. [/src/EF/EF.csproj]
#15 10.66 /src/EF/Models/Book.cs(10,17): warning CS8618: Non-nullable property 'Room' must contain a non-null value when exiting constructor. Consider adding the 'required' modifier or declaring the property as nullable. [/src/EF/EF.csproj]
#15 10.66 /src/EF/Models/Loan.cs(10,19): warning CS8618: Non-nullable property 'Status' must contain a non-null value when exiting constructor. Consider adding the 'required' modifier or declaring the property as nullable. [/src/EF/EF.csproj]
#15 10.66 /src/EF/Models/Loan.cs(11,19): warning CS8618: Non-nullable property 'Comments' must contain a non-null value when exiting constructor. Consider adding the 'required' modifier or declaring the property as nullable. [/src/EF/EF.csproj]
#15 10.66 /src/EF/Models/Loan.cs(12,17): warning CS8618: Non-nullable property 'User' must contain a non-null value when exiting constructor. Consider adding the 'required' modifier or declaring the property as nullable. [/src/EF/EF.csproj]
#15 10.66 /src/EF/Models/Loan.cs(13,17): warning CS8618: Non-nullable property 'Book' must contain a non-null value when exiting constructor. Consider adding the 'required' modifier or declaring the property as nullable. [/src/EF/EF.csproj]
#15 10.74   Utility -> /app/build/Utility.dll
#15 11.02   EF -> /app/build/EF.dll
#15 14.21   RoomMS -> /app/build/RoomMS.dll
#15 14.25 
#15 14.25 Build succeeded.
#15 14.25 
#15 14.25 /src/Utility/Utility.csproj : warning NU1701: Package 'NLog.Web 6.0.0' was restored using '.NETFramework,Version=v4.6.1, .NETFramework,Version=v4.6.2, .NETFramework,Version=v4.7, .NETFramework,Version=v4.7.1, .NETFramework,Version=v4.7.2, .NETFramework,Version=v4.8, .NETFramework,Version=v4.8.1' instead of the project target framework 'net8.0'. This package may not be fully compatible with your project. [/src/RoomMS/RoomMS.csproj]
#15 14.25 /src/RoomMS/RoomMS.csproj : warning NU1701: Package 'NLog.Web 6.0.0' was restored using '.NETFramework,Version=v4.6.1, .NETFramework,Version=v4.6.2, .NETFramework,Version=v4.7, .NETFramework,Version=v4.7.1, .NETFramework,Version=v4.7.2, .NETFramework,Version=v4.8, .NETFramework,Version=v4.8.1' instead of the project target framework 'net8.0'. This package may not be fully compatible with your project.
#15 14.25 /src/EF/EF.csproj : warning NU1701: Package 'NLog.Web 6.0.0' was restored using '.NETFramework,Version=v4.6.1, .NETFramework,Version=v4.6.2, .NETFramework,Version=v4.7, .NETFramework,Version=v4.7.1, .NETFramework,Version=v4.7.2, .NETFramework,Version=v4.8, .NETFramework,Version=v4.8.1' instead of the project target framework 'net8.0'. This package may not be fully compatible with your project. [/src/RoomMS/RoomMS.csproj]
#15 14.25 /src/RoomMS/RoomMS.csproj : warning NU1701: Package 'NLog.Web 6.0.0' was restored using '.NETFramework,Version=v4.6.1, .NETFramework,Version=v4.6.2, .NETFramework,Version=v4.7, .NETFramework,Version=v4.7.1, .NETFramework,Version=v4.7.2, .NETFramework,Version=v4.8, .NETFramework,Version=v4.8.1' instead of the project target framework 'net8.0'. This package may not be fully compatible with your project.
#15 14.25 /src/EF/EF.csproj : warning NU1701: Package 'NLog.Web 6.0.0' was restored using '.NETFramework,Version=v4.6.1, .NETFramework,Version=v4.6.2, .NETFramework,Version=v4.7, .NETFramework,Version=v4.7.1, .NETFramework,Version=v4.7.2, .NETFramework,Version=v4.8, .NETFramework,Version=v4.8.1' instead of the project target framework 'net8.0'. This package may not be fully compatible with your project.
#15 14.25 /src/Utility/Utility.csproj : warning NU1701: Package 'NLog.Web 6.0.0' was restored using '.NETFramework,Version=v4.6.1, .NETFramework,Version=v4.6.2, .NETFramework,Version=v4.7, .NETFramework,Version=v4.7.1, .NETFramework,Version=v4.7.2, .NETFramework,Version=v4.8, .NETFramework,Version=v4.8.1' instead of the project target framework 'net8.0'. This package may not be fully compatible with your project.
#15 14.26 /src/EF/Models/User.cs(6,19): warning CS8618: Non-nullable property 'Name' must contain a non-null value when exiting constructor. Consider adding the 'required' modifier or declaring the property as nullable. [/src/EF/EF.csproj]
#15 14.26 /src/EF/Models/User.cs(7,19): warning CS8618: Non-nullable property 'Email' must contain a non-null value when exiting constructor. Consider adding the 'required' modifier or declaring the property as nullable. [/src/EF/EF.csproj]
#15 14.26 /src/EF/Models/Room.cs(6,19): warning CS8618: Non-nullable property 'Name' must contain a non-null value when exiting constructor. Consider adding the 'required' modifier or declaring the property as nullable. [/src/EF/EF.csproj]
#15 14.26 /src/EF/Models/Room.cs(7,19): warning CS8618: Non-nullable property 'Description' must contain a non-null value when exiting constructor. Consider adding the 'required' modifier or declaring the property as nullable. [/src/EF/EF.csproj]
#15 14.26 /src/EF/Models/Book.cs(6,19): warning CS8618: Non-nullable property 'Name' must contain a non-null value when exiting constructor. Consider adding the 'required' modifier or declaring the property as nullable. [/src/EF/EF.csproj]
#15 14.26 /src/EF/Models/Book.cs(7,19): warning CS8618: Non-nullable property 'Author' must contain a non-null value when exiting constructor. Consider adding the 'required' modifier or declaring the property as nullable. [/src/EF/EF.csproj]
#15 14.26 /src/EF/Models/Book.cs(8,19): warning CS8618: Non-nullable property 'Publisher' must contain a non-null value when exiting constructor. Consider adding the 'required' modifier or declaring the property as nullable. [/src/EF/EF.csproj]
#15 14.26 /src/EF/Models/Book.cs(10,17): warning CS8618: Non-nullable property 'Room' must contain a non-null value when exiting constructor. Consider adding the 'required' modifier or declaring the property as nullable. [/src/EF/EF.csproj]
#15 14.26 /src/EF/Models/Loan.cs(10,19): warning CS8618: Non-nullable property 'Status' must contain a non-null value when exiting constructor. Consider adding the 'required' modifier or declaring the property as nullable. [/src/EF/EF.csproj]
#15 14.26 /src/EF/Models/Loan.cs(11,19): warning CS8618: Non-nullable property 'Comments' must contain a non-null value when exiting constructor. Consider adding the 'required' modifier or declaring the property as nullable. [/src/EF/EF.csproj]
#15 14.26 /src/EF/Models/Loan.cs(12,17): warning CS8618: Non-nullable property 'User' must contain a non-null value when exiting constructor. Consider adding the 'required' modifier or declaring the property as nullable. [/src/EF/EF.csproj]
#15 14.26 /src/EF/Models/Loan.cs(13,17): warning CS8618: Non-nullable property 'Book' must contain a non-null value when exiting constructor. Consider adding the 'required' modifier or declaring the property as nullable. [/src/EF/EF.csproj]
#15 14.26     18 Warning(s)
#15 14.26     0 Error(s)
#15 14.26 
#15 14.26 Time Elapsed 00:00:13.35
#15 DONE 14.4s

#16 [publish 1/1] RUN dotnet publish "./RoomMS.csproj" -c Release -o /app/publish /p:UseAppHost=false
#16 1.800   Determining projects to restore...
#16 3.034 /src/RoomMS/RoomMS.csproj : warning NU1701: Package 'NLog.Web 6.0.0' was restored using '.NETFramework,Version=v4.6.1, .NETFramework,Version=v4.6.2, .NETFramework,Version=v4.7, .NETFramework,Version=v4.7.1, .NETFramework,Version=v4.7.2, .NETFramework,Version=v4.8, .NETFramework,Version=v4.8.1' instead of the project target framework 'net8.0'. This package may not be fully compatible with your project.
#16 3.034 /src/EF/EF.csproj : warning NU1701: Package 'NLog.Web 6.0.0' was restored using '.NETFramework,Version=v4.6.1, .NETFramework,Version=v4.6.2, .NETFramework,Version=v4.7, .NETFramework,Version=v4.7.1, .NETFramework,Version=v4.7.2, .NETFramework,Version=v4.8, .NETFramework,Version=v4.8.1' instead of the project target framework 'net8.0'. This package may not be fully compatible with your project. [/src/RoomMS/RoomMS.csproj]
#16 3.034 /src/Utility/Utility.csproj : warning NU1701: Package 'NLog.Web 6.0.0' was restored using '.NETFramework,Version=v4.6.1, .NETFramework,Version=v4.6.2, .NETFramework,Version=v4.7, .NETFramework,Version=v4.7.1, .NETFramework,Version=v4.7.2, .NETFramework,Version=v4.8, .NETFramework,Version=v4.8.1' instead of the project target framework 'net8.0'. This package may not be fully compatible with your project. [/src/RoomMS/RoomMS.csproj]
#16 3.043   All projects are up-to-date for restore.
#16 3.252 /src/RoomMS/RoomMS.csproj : warning NU1701: Package 'NLog.Web 6.0.0' was restored using '.NETFramework,Version=v4.6.1, .NETFramework,Version=v4.6.2, .NETFramework,Version=v4.7, .NETFramework,Version=v4.7.1, .NETFramework,Version=v4.7.2, .NETFramework,Version=v4.8, .NETFramework,Version=v4.8.1' instead of the project target framework 'net8.0'. This package may not be fully compatible with your project.
#16 3.664 /src/EF/EF.csproj : warning NU1701: Package 'NLog.Web 6.0.0' was restored using '.NETFramework,Version=v4.6.1, .NETFramework,Version=v4.6.2, .NETFramework,Version=v4.7, .NETFramework,Version=v4.7.1, .NETFramework,Version=v4.7.2, .NETFramework,Version=v4.8, .NETFramework,Version=v4.8.1' instead of the project target framework 'net8.0'. This package may not be fully compatible with your project.
#16 3.726 /src/Utility/Utility.csproj : warning NU1701: Package 'NLog.Web 6.0.0' was restored using '.NETFramework,Version=v4.6.1, .NETFramework,Version=v4.6.2, .NETFramework,Version=v4.7, .NETFramework,Version=v4.7.1, .NETFramework,Version=v4.7.2, .NETFramework,Version=v4.8, .NETFramework,Version=v4.8.1' instead of the project target framework 'net8.0'. This package may not be fully compatible with your project.
#16 4.411   Utility -> /src/Utility/bin/Release/net8.0/Utility.dll
#16 4.578   EF -> /src/EF/bin/Release/net8.0/EF.dll
#16 10.95   RoomMS -> /src/RoomMS/bin/Release/net8.0/RoomMS.dll
#16 11.38   RoomMS -> /app/publish/
#16 DONE 11.5s

#17 [base 2/2] WORKDIR /app
#17 CACHED

#18 [final 1/2] WORKDIR /app
#18 CACHED

#19 [final 2/2] COPY --from=publish /app/publish .
#19 DONE 0.1s

#20 exporting to image
#20 exporting layers
#20 exporting layers 0.2s done
#20 writing image sha256:0e0ab0961120dfaf5c7d37f0c845b466518b9f1091410a09240568ceaef05f64 done
#20 naming to docker.io/library/room done
#20 DONE 0.2s
WARNING: current commit information was not captured by the build: failed to read current commit information with git rev-parse --is-inside-work-tree
