#0 building with "default" instance using docker driver

#1 [internal] load build definition from Dockerfile.user
#1 transferring dockerfile: 756B done
#1 DONE 0.0s

#2 [internal] load metadata for mcr.microsoft.com/dotnet/aspnet:8.0
#2 DONE 0.2s

#3 [internal] load metadata for mcr.microsoft.com/dotnet/sdk:8.0
#3 DONE 0.2s

#4 [internal] load .dockerignore
#4 transferring context: 380B done
#4 DONE 0.0s

#5 [build 1/9] FROM mcr.microsoft.com/dotnet/sdk:8.0@sha256:57c3bf930db9ac075c9019b83fdfc77c474b11b874120b84bc97fa65f33662dd
#5 DONE 0.0s

#6 [base 1/2] FROM mcr.microsoft.com/dotnet/aspnet:8.0@sha256:68669af44214899b4a5ff5fa0dd5fc10e7e9d665669a44dcbc1a142a99b2ec5b
#6 DONE 0.0s

#7 [internal] load build context
#7 transferring context: 11.48kB 0.0s done
#7 DONE 0.0s

#8 [build 2/9] WORKDIR /src
#8 CACHED

#9 [build 4/9] COPY [EF/EF.csproj, EF/]
#9 CACHED

#10 [build 3/9] COPY [UserMS/UserMS.csproj, UserMS/]
#10 CACHED

#11 [build 5/9] COPY [Utility/Utility.csproj, Utility/]
#11 CACHED

#12 [build 6/9] RUN dotnet restore "UserMS/UserMS.csproj"
#12 CACHED

#13 [build 7/9] COPY . .
#13 DONE 0.1s

#14 [build 8/9] WORKDIR /src/UserMS
#14 DONE 0.0s

#15 [build 9/9] RUN dotnet build "./UserMS.csproj" -c Release -o /app/build
#15 2.172   Determining projects to restore...
#15 4.071 /src/Utility/Utility.csproj : warning NU1701: Package 'NLog.Web 6.0.0' was restored using '.NETFramework,Version=v4.6.1, .NETFramework,Version=v4.6.2, .NETFramework,Version=v4.7, .NETFramework,Version=v4.7.1, .NETFramework,Version=v4.7.2, .NETFramework,Version=v4.8, .NETFramework,Version=v4.8.1' instead of the project target framework 'net8.0'. This package may not be fully compatible with your project. [/src/UserMS/UserMS.csproj]
#15 4.072 /src/EF/EF.csproj : warning NU1701: Package 'NLog.Web 6.0.0' was restored using '.NETFramework,Version=v4.6.1, .NETFramework,Version=v4.6.2, .NETFramework,Version=v4.7, .NETFramework,Version=v4.7.1, .NETFramework,Version=v4.7.2, .NETFramework,Version=v4.8, .NETFramework,Version=v4.8.1' instead of the project target framework 'net8.0'. This package may not be fully compatible with your project. [/src/UserMS/UserMS.csproj]
#15 4.077 /src/UserMS/UserMS.csproj : warning NU1701: Package 'NLog.Web 6.0.0' was restored using '.NETFramework,Version=v4.6.1, .NETFramework,Version=v4.6.2, .NETFramework,Version=v4.7, .NETFramework,Version=v4.7.1, .NETFramework,Version=v4.7.2, .NETFramework,Version=v4.8, .NETFramework,Version=v4.8.1' instead of the project target framework 'net8.0'. This package may not be fully compatible with your project.
#15 4.095   All projects are up-to-date for restore.
#15 4.501 /src/UserMS/UserMS.csproj : warning NU1701: Package 'NLog.Web 6.0.0' was restored using '.NETFramework,Version=v4.6.1, .NETFramework,Version=v4.6.2, .NETFramework,Version=v4.7, .NETFramework,Version=v4.7.1, .NETFramework,Version=v4.7.2, .NETFramework,Version=v4.8, .NETFramework,Version=v4.8.1' instead of the project target framework 'net8.0'. This package may not be fully compatible with your project.
#15 4.864 /src/EF/EF.csproj : warning NU1701: Package 'NLog.Web 6.0.0' was restored using '.NETFramework,Version=v4.6.1, .NETFramework,Version=v4.6.2, .NETFramework,Version=v4.7, .NETFramework,Version=v4.7.1, .NETFramework,Version=v4.7.2, .NETFramework,Version=v4.8, .NETFramework,Version=v4.8.1' instead of the project target framework 'net8.0'. This package may not be fully compatible with your project.
#15 4.938 /src/Utility/Utility.csproj : warning NU1701: Package 'NLog.Web 6.0.0' was restored using '.NETFramework,Version=v4.6.1, .NETFramework,Version=v4.6.2, .NETFramework,Version=v4.7, .NETFramework,Version=v4.7.1, .NETFramework,Version=v4.7.2, .NETFramework,Version=v4.8, .NETFramework,Version=v4.8.1' instead of the project target framework 'net8.0'. This package may not be fully compatible with your project.
#15 11.02 /src/EF/Models/User.cs(6,19): warning CS8618: Non-nullable property 'Name' must contain a non-null value when exiting constructor. Consider adding the 'required' modifier or declaring the property as nullable. [/src/EF/EF.csproj]
#15 11.02 /src/EF/Models/User.cs(7,19): warning CS8618: Non-nullable property 'Email' must contain a non-null value when exiting constructor. Consider adding the 'required' modifier or declaring the property as nullable. [/src/EF/EF.csproj]
#15 11.02 /src/EF/Models/Room.cs(6,19): warning CS8618: Non-nullable property 'Name' must contain a non-null value when exiting constructor. Consider adding the 'required' modifier or declaring the property as nullable. [/src/EF/EF.csproj]
#15 11.02 /src/EF/Models/Room.cs(7,19): warning CS8618: Non-nullable property 'Description' must contain a non-null value when exiting constructor. Consider adding the 'required' modifier or declaring the property as nullable. [/src/EF/EF.csproj]
#15 11.02 /src/EF/Models/Loan.cs(10,19): warning CS8618: Non-nullable property 'Status' must contain a non-null value when exiting constructor. Consider adding the 'required' modifier or declaring the property as nullable. [/src/EF/EF.csproj]
#15 11.02 /src/EF/Models/Loan.cs(11,19): warning CS8618: Non-nullable property 'Comments' must contain a non-null value when exiting constructor. Consider adding the 'required' modifier or declaring the property as nullable. [/src/EF/EF.csproj]
#15 11.02 /src/EF/Models/Loan.cs(12,17): warning CS8618: Non-nullable property 'User' must contain a non-null value when exiting constructor. Consider adding the 'required' modifier or declaring the property as nullable. [/src/EF/EF.csproj]
#15 11.02 /src/EF/Models/Loan.cs(13,17): warning CS8618: Non-nullable property 'Book' must contain a non-null value when exiting constructor. Consider adding the 'required' modifier or declaring the property as nullable. [/src/EF/EF.csproj]
#15 11.02 /src/EF/Models/Book.cs(6,19): warning CS8618: Non-nullable property 'Name' must contain a non-null value when exiting constructor. Consider adding the 'required' modifier or declaring the property as nullable. [/src/EF/EF.csproj]
#15 11.02 /src/EF/Models/Book.cs(7,19): warning CS8618: Non-nullable property 'Author' must contain a non-null value when exiting constructor. Consider adding the 'required' modifier or declaring the property as nullable. [/src/EF/EF.csproj]
#15 11.02 /src/EF/Models/Book.cs(8,19): warning CS8618: Non-nullable property 'Publisher' must contain a non-null value when exiting constructor. Consider adding the 'required' modifier or declaring the property as nullable. [/src/EF/EF.csproj]
#15 11.02 /src/EF/Models/Book.cs(10,17): warning CS8618: Non-nullable property 'Room' must contain a non-null value when exiting constructor. Consider adding the 'required' modifier or declaring the property as nullable. [/src/EF/EF.csproj]
#15 11.12   Utility -> /app/build/Utility.dll
#15 11.32   EF -> /app/build/EF.dll
#15 14.47   UserMS -> /app/build/UserMS.dll
#15 14.49 
#15 14.49 Build succeeded.
#15 14.49 
#15 14.49 /src/Utility/Utility.csproj : warning NU1701: Package 'NLog.Web 6.0.0' was restored using '.NETFramework,Version=v4.6.1, .NETFramework,Version=v4.6.2, .NETFramework,Version=v4.7, .NETFramework,Version=v4.7.1, .NETFramework,Version=v4.7.2, .NETFramework,Version=v4.8, .NETFramework,Version=v4.8.1' instead of the project target framework 'net8.0'. This package may not be fully compatible with your project. [/src/UserMS/UserMS.csproj]
#15 14.49 /src/EF/EF.csproj : warning NU1701: Package 'NLog.Web 6.0.0' was restored using '.NETFramework,Version=v4.6.1, .NETFramework,Version=v4.6.2, .NETFramework,Version=v4.7, .NETFramework,Version=v4.7.1, .NETFramework,Version=v4.7.2, .NETFramework,Version=v4.8, .NETFramework,Version=v4.8.1' instead of the project target framework 'net8.0'. This package may not be fully compatible with your project. [/src/UserMS/UserMS.csproj]
#15 14.49 /src/UserMS/UserMS.csproj : warning NU1701: Package 'NLog.Web 6.0.0' was restored using '.NETFramework,Version=v4.6.1, .NETFramework,Version=v4.6.2, .NETFramework,Version=v4.7, .NETFramework,Version=v4.7.1, .NETFramework,Version=v4.7.2, .NETFramework,Version=v4.8, .NETFramework,Version=v4.8.1' instead of the project target framework 'net8.0'. This package may not be fully compatible with your project.
#15 14.49 /src/UserMS/UserMS.csproj : warning NU1701: Package 'NLog.Web 6.0.0' was restored using '.NETFramework,Version=v4.6.1, .NETFramework,Version=v4.6.2, .NETFramework,Version=v4.7, .NETFramework,Version=v4.7.1, .NETFramework,Version=v4.7.2, .NETFramework,Version=v4.8, .NETFramework,Version=v4.8.1' instead of the project target framework 'net8.0'. This package may not be fully compatible with your project.
#15 14.49 /src/EF/EF.csproj : warning NU1701: Package 'NLog.Web 6.0.0' was restored using '.NETFramework,Version=v4.6.1, .NETFramework,Version=v4.6.2, .NETFramework,Version=v4.7, .NETFramework,Version=v4.7.1, .NETFramework,Version=v4.7.2, .NETFramework,Version=v4.8, .NETFramework,Version=v4.8.1' instead of the project target framework 'net8.0'. This package may not be fully compatible with your project.
#15 14.49 /src/Utility/Utility.csproj : warning NU1701: Package 'NLog.Web 6.0.0' was restored using '.NETFramework,Version=v4.6.1, .NETFramework,Version=v4.6.2, .NETFramework,Version=v4.7, .NETFramework,Version=v4.7.1, .NETFramework,Version=v4.7.2, .NETFramework,Version=v4.8, .NETFramework,Version=v4.8.1' instead of the project target framework 'net8.0'. This package may not be fully compatible with your project.
#15 14.49 /src/EF/Models/User.cs(6,19): warning CS8618: Non-nullable property 'Name' must contain a non-null value when exiting constructor. Consider adding the 'required' modifier or declaring the property as nullable. [/src/EF/EF.csproj]
#15 14.49 /src/EF/Models/User.cs(7,19): warning CS8618: Non-nullable property 'Email' must contain a non-null value when exiting constructor. Consider adding the 'required' modifier or declaring the property as nullable. [/src/EF/EF.csproj]
#15 14.49 /src/EF/Models/Room.cs(6,19): warning CS8618: Non-nullable property 'Name' must contain a non-null value when exiting constructor. Consider adding the 'required' modifier or declaring the property as nullable. [/src/EF/EF.csproj]
#15 14.49 /src/EF/Models/Room.cs(7,19): warning CS8618: Non-nullable property 'Description' must contain a non-null value when exiting constructor. Consider adding the 'required' modifier or declaring the property as nullable. [/src/EF/EF.csproj]
#15 14.49 /src/EF/Models/Loan.cs(10,19): warning CS8618: Non-nullable property 'Status' must contain a non-null value when exiting constructor. Consider adding the 'required' modifier or declaring the property as nullable. [/src/EF/EF.csproj]
#15 14.49 /src/EF/Models/Loan.cs(11,19): warning CS8618: Non-nullable property 'Comments' must contain a non-null value when exiting constructor. Consider adding the 'required' modifier or declaring the property as nullable. [/src/EF/EF.csproj]
#15 14.49 /src/EF/Models/Loan.cs(12,17): warning CS8618: Non-nullable property 'User' must contain a non-null value when exiting constructor. Consider adding the 'required' modifier or declaring the property as nullable. [/src/EF/EF.csproj]
#15 14.49 /src/EF/Models/Loan.cs(13,17): warning CS8618: Non-nullable property 'Book' must contain a non-null value when exiting constructor. Consider adding the 'required' modifier or declaring the property as nullable. [/src/EF/EF.csproj]
#15 14.49 /src/EF/Models/Book.cs(6,19): warning CS8618: Non-nullable property 'Name' must contain a non-null value when exiting constructor. Consider adding the 'required' modifier or declaring the property as nullable. [/src/EF/EF.csproj]
#15 14.49 /src/EF/Models/Book.cs(7,19): warning CS8618: Non-nullable property 'Author' must contain a non-null value when exiting constructor. Consider adding the 'required' modifier or declaring the property as nullable. [/src/EF/EF.csproj]
#15 14.49 /src/EF/Models/Book.cs(8,19): warning CS8618: Non-nullable property 'Publisher' must contain a non-null value when exiting constructor. Consider adding the 'required' modifier or declaring the property as nullable. [/src/EF/EF.csproj]
#15 14.49 /src/EF/Models/Book.cs(10,17): warning CS8618: Non-nullable property 'Room' must contain a non-null value when exiting constructor. Consider adding the 'required' modifier or declaring the property as nullable. [/src/EF/EF.csproj]
#15 14.49     18 Warning(s)
#15 14.49     0 Error(s)
#15 14.49 
#15 14.49 Time Elapsed 00:00:13.29
#15 DONE 14.6s

#16 [publish 1/1] RUN dotnet publish "./UserMS.csproj" -c Release -o /app/publish /p:UseAppHost=false
#16 1.535   Determining projects to restore...
#16 2.839 /src/UserMS/UserMS.csproj : warning NU1701: Package 'NLog.Web 6.0.0' was restored using '.NETFramework,Version=v4.6.1, .NETFramework,Version=v4.6.2, .NETFramework,Version=v4.7, .NETFramework,Version=v4.7.1, .NETFramework,Version=v4.7.2, .NETFramework,Version=v4.8, .NETFramework,Version=v4.8.1' instead of the project target framework 'net8.0'. This package may not be fully compatible with your project.
#16 2.839 /src/Utility/Utility.csproj : warning NU1701: Package 'NLog.Web 6.0.0' was restored using '.NETFramework,Version=v4.6.1, .NETFramework,Version=v4.6.2, .NETFramework,Version=v4.7, .NETFramework,Version=v4.7.1, .NETFramework,Version=v4.7.2, .NETFramework,Version=v4.8, .NETFramework,Version=v4.8.1' instead of the project target framework 'net8.0'. This package may not be fully compatible with your project. [/src/UserMS/UserMS.csproj]
#16 2.841 /src/EF/EF.csproj : warning NU1701: Package 'NLog.Web 6.0.0' was restored using '.NETFramework,Version=v4.6.1, .NETFramework,Version=v4.6.2, .NETFramework,Version=v4.7, .NETFramework,Version=v4.7.1, .NETFramework,Version=v4.7.2, .NETFramework,Version=v4.8, .NETFramework,Version=v4.8.1' instead of the project target framework 'net8.0'. This package may not be fully compatible with your project. [/src/UserMS/UserMS.csproj]
#16 2.848   All projects are up-to-date for restore.
#16 3.071 /src/UserMS/UserMS.csproj : warning NU1701: Package 'NLog.Web 6.0.0' was restored using '.NETFramework,Version=v4.6.1, .NETFramework,Version=v4.6.2, .NETFramework,Version=v4.7, .NETFramework,Version=v4.7.1, .NETFramework,Version=v4.7.2, .NETFramework,Version=v4.8, .NETFramework,Version=v4.8.1' instead of the project target framework 'net8.0'. This package may not be fully compatible with your project.
#16 3.398 /src/EF/EF.csproj : warning NU1701: Package 'NLog.Web 6.0.0' was restored using '.NETFramework,Version=v4.6.1, .NETFramework,Version=v4.6.2, .NETFramework,Version=v4.7, .NETFramework,Version=v4.7.1, .NETFramework,Version=v4.7.2, .NETFramework,Version=v4.8, .NETFramework,Version=v4.8.1' instead of the project target framework 'net8.0'. This package may not be fully compatible with your project.
#16 3.448 /src/Utility/Utility.csproj : warning NU1701: Package 'NLog.Web 6.0.0' was restored using '.NETFramework,Version=v4.6.1, .NETFramework,Version=v4.6.2, .NETFramework,Version=v4.7, .NETFramework,Version=v4.7.1, .NETFramework,Version=v4.7.2, .NETFramework,Version=v4.8, .NETFramework,Version=v4.8.1' instead of the project target framework 'net8.0'. This package may not be fully compatible with your project.
#16 4.301   Utility -> /src/Utility/bin/Release/net8.0/Utility.dll
#16 4.371   EF -> /src/EF/bin/Release/net8.0/EF.dll
#16 10.96   UserMS -> /src/UserMS/bin/Release/net8.0/UserMS.dll
#16 11.46   UserMS -> /app/publish/
#16 DONE 11.6s

#17 [base 2/2] WORKDIR /app
#17 CACHED

#18 [final 1/2] WORKDIR /app
#18 CACHED

#19 [final 2/2] COPY --from=publish /app/publish .
#19 DONE 0.1s

#20 exporting to image
#20 exporting layers
#20 exporting layers 0.2s done
#20 writing image sha256:fe728a1d3ab89d610072c06b8216b001930d43e6552efa0cb1a5840d4885a1fe done
#20 naming to docker.io/library/user done
#20 DONE 0.2s
WARNING: current commit information was not captured by the build: failed to read current commit information with git rev-parse --is-inside-work-tree
